<?xml version="1.0" encoding="UTF-8"?>
<!-- Generated by org.testng.reporters.JUnitReportReporter -->
<testsuite hostname="KAGUMPA-G2BH5" name="com.cisco.Fpr_Prod.RMAS_1018218_FPR_StandardRouting" tests="1" failures="0" timestamp="23 Feb 2017 17:52:43 GMT" time="254.073" errors="0">
  <testcase name="rmas_1018218_FPR_StandardRouting" time="254.073" classname="com.cisco.Fpr_Prod.RMAS_1018218_FPR_StandardRouting"/>
</testsuite> <!-- com.cisco.Fpr_Prod.RMAS_1018218_FPR_StandardRouting -->
