<?xml version="1.0" encoding="UTF-8"?>
<!-- Generated by org.testng.reporters.JUnitReportReporter -->
<testsuite hostname="KAGUMPA-G2BH5" name="com.cisco.testscripts.ProductionValidation.ProdValidation_EMEAR_AR_NBD_RMA_Russia" tests="1" failures="0" timestamp="12 Jun 2016 11:25:43 GMT" time="513.002" errors="0">
  <testcase name="prodValidation_EMEAR_AR_NBD_RMA_Russia" time="513.002" classname="com.cisco.testscripts.ProductionValidation.ProdValidation_EMEAR_AR_NBD_RMA_Russia"/>
</testsuite> <!-- com.cisco.testscripts.ProductionValidation.ProdValidation_EMEAR_AR_NBD_RMA_Russia -->
