<?xml version="1.0" encoding="UTF-8"?>
<!-- Generated by org.testng.reporters.JUnitReportReporter -->
<testsuite hostname="KAGUMPA-G2BH5" name="com.cisco.testscripts.LAE_RegTest_Suite.LAE_RegTest_1014060_CreatePPL_4HrsOrder" tests="1" failures="0" timestamp="26 Aug 2016 18:27:46 GMT" time="772.437" errors="0">
  <testcase name="labor_1014060_CreatePPL_4HrsOrder" time="772.437" classname="com.cisco.testscripts.LAE_RegTest_Suite.LAE_RegTest_1014060_CreatePPL_4HrsOrder"/>
</testsuite> <!-- com.cisco.testscripts.LAE_RegTest_Suite.LAE_RegTest_1014060_CreatePPL_4HrsOrder -->
