<?xml version="1.0" encoding="UTF-8"?>
<!-- Generated by org.testng.reporters.JUnitReportReporter -->
<testsuite hostname="KAGUMPA-G2BH5" name="com.cisco.testscripts.PremiumRouting.Prem_IncortPotal_AtRate4000003" tests="1" failures="0" timestamp="26 May 2016 05:17:38 GMT" time="564.788" errors="0">
  <testcase name="prem_IncortPotal_AtRate4000003" time="564.788" classname="com.cisco.testscripts.PremiumRouting.Prem_IncortPotal_AtRate4000003"/>
</testsuite> <!-- com.cisco.testscripts.PremiumRouting.Prem_IncortPotal_AtRate4000003 -->
