<?xml version="1.0" encoding="UTF-8"?>
<!-- Generated by org.testng.reporters.JUnitReportReporter -->
<testsuite hostname="KAGUMPA-G2BH5" name="com.cisco.testscripts.PremiumRouting.Prem_ESRI_Rout_NBD_DropShipAddres_US" tests="1" failures="0" timestamp="31 May 2016 19:42:18 GMT" time="563.194" errors="0">
  <testcase name="prem_ESRI_Rout_NBD_DropShipAddres_US" time="563.194" classname="com.cisco.testscripts.PremiumRouting.Prem_ESRI_Rout_NBD_DropShipAddres_US"/>
</testsuite> <!-- com.cisco.testscripts.PremiumRouting.Prem_ESRI_Rout_NBD_DropShipAddres_US -->
