<?xml version="1.0" encoding="UTF-8"?>
<!-- Generated by org.testng.reporters.JUnitReportReporter -->
<testsuite hostname="KAGUMPA-G2BH5" name="com.cisco.testscripts.RMASimplification.RMAS_1018189_PartInfo_Entr_CustEmailID" tests="1" failures="0" timestamp="23 Feb 2017 20:29:43 GMT" time="67.984" errors="0">
  <testcase name="rmas_1018189_PartInfo_Entr_CustEmailID" time="67.984" classname="com.cisco.testscripts.RMASimplification.RMAS_1018189_PartInfo_Entr_CustEmailID"/>
</testsuite> <!-- com.cisco.testscripts.RMASimplification.RMAS_1018189_PartInfo_Entr_CustEmailID -->
