<?xml version="1.0" encoding="UTF-8"?>
<!-- Generated by org.testng.reporters.JUnitReportReporter -->
<testsuite hostname="KAGUMPA-G2BH5" name="com.cisco.testscripts.PremiumRouting.UAT_1014021_VerifyPreferredDepotAssigned" tests="1" failures="0" timestamp="12 Jul 2016 22:07:04 GMT" time="765.886" errors="0">
  <testcase name="uat_1014021_VerifyPreferredDepotAssigned" time="765.886" classname="com.cisco.testscripts.PremiumRouting.UAT_1014021_VerifyPreferredDepotAssigned"/>
</testsuite> <!-- com.cisco.testscripts.PremiumRouting.UAT_1014021_VerifyPreferredDepotAssigned -->
