<?xml version="1.0" encoding="UTF-8"?>
<!-- Generated by org.testng.reporters.JUnitReportReporter -->
<testsuite hostname="KAGUMPA-G2BH5" name="com.cisco.testscripts.LaborRouting.Labor_1018169_NoParts_LaborOly" tests="1" failures="0" timestamp="4 Oct 2016 13:58:22 GMT" time="1332.243" errors="0">
  <testcase name="labor_1018169_NoParts_LaborOly" time="1332.243" classname="com.cisco.testscripts.LaborRouting.Labor_1018169_NoParts_LaborOly"/>
</testsuite> <!-- com.cisco.testscripts.LaborRouting.Labor_1018169_NoParts_LaborOly -->
