<?xml version="1.0" encoding="UTF-8"?>
<!-- Generated by org.testng.reporters.JUnitReportReporter -->
<testsuite hostname="KAGUMPA-G2BH5" name="com.cisco.Fpr_Prod.RMAS_1018217_FPR_StandardRouting" tests="1" failures="0" timestamp="22 Feb 2017 23:24:58 GMT" time="239.327" errors="0">
  <testcase name="rmas_1018217_FPR_StandardRouting" time="239.327" classname="com.cisco.Fpr_Prod.RMAS_1018217_FPR_StandardRouting"/>
</testsuite> <!-- com.cisco.Fpr_Prod.RMAS_1018217_FPR_StandardRouting -->
