<?xml version="1.0" encoding="UTF-8"?>
<!-- Generated by org.testng.reporters.JUnitReportReporter -->
<testsuite hostname="KAGUMPA-G2BH5" name="com.cisco.testscripts.RMASimplification.RMAS_1018193_SiteInfo_Entr_ShipAddrs" tests="1" failures="0" timestamp="6 Feb 2017 06:30:09 GMT" time="150.747" errors="0">
  <testcase name="rmas_1018193_SiteInfo_Entr_ShipAddrs" time="150.747" classname="com.cisco.testscripts.RMASimplification.RMAS_1018193_SiteInfo_Entr_ShipAddrs"/>
</testsuite> <!-- com.cisco.testscripts.RMASimplification.RMAS_1018193_SiteInfo_Entr_ShipAddrs -->
