<?xml version="1.0" encoding="UTF-8"?>
<!-- Generated by org.testng.reporters.JUnitReportReporter -->
<testsuite hostname="KAGUMPA-G2BH5" name="com.cisco.testscripts.PremiumRouting.Prem_MultlinOrd_2DiffDepo_China" tests="1" failures="0" timestamp="25 May 2016 22:10:17 GMT" time="676.341" errors="0">
  <testcase name="prem_MultlinOrd_2DiffDepo_China" time="676.341" classname="com.cisco.testscripts.PremiumRouting.Prem_MultlinOrd_2DiffDepo_China"/>
</testsuite> <!-- com.cisco.testscripts.PremiumRouting.Prem_MultlinOrd_2DiffDepo_China -->
