<?xml version="1.0" encoding="UTF-8"?>
<!-- Generated by org.testng.reporters.JUnitReportReporter -->
<testsuite hostname="KAGUMPA-G2BH5" name="com.cisco.testscripts.RMASimplification.RMAS_1018194_SiteInfo_Clk_SameAsAckContact" tests="1" failures="0" timestamp="6 Feb 2017 06:29:59 GMT" time="141.500" errors="0">
  <testcase name="rmas_1018194_SiteInfo_Clk_SameAsAckContact" time="141.500" classname="com.cisco.testscripts.RMASimplification.RMAS_1018194_SiteInfo_Clk_SameAsAckContact"/>
</testsuite> <!-- com.cisco.testscripts.RMASimplification.RMAS_1018194_SiteInfo_Clk_SameAsAckContact -->
