<?xml version="1.0" encoding="UTF-8"?>
<!-- Generated by org.testng.reporters.JUnitReportReporter -->
<testsuite hostname="KAGUMPA-G2BH5" name="com.cisco.testscripts.PremiumRouting.Prem_NoDepoSuprt_NoGeoSeltedOrd_DropShipAddr" tests="1" failures="0" timestamp="26 May 2016 05:19:20 GMT" time="668.052" errors="0">
  <testcase name="prem_NoDepoSuprt_NoGeoSeltedOrd_DropShipAddr" time="668.052" classname="com.cisco.testscripts.PremiumRouting.Prem_NoDepoSuprt_NoGeoSeltedOrd_DropShipAddr"/>
</testsuite> <!-- com.cisco.testscripts.PremiumRouting.Prem_NoDepoSuprt_NoGeoSeltedOrd_DropShipAddr -->
