<?xml version="1.0" encoding="UTF-8"?>
<!-- Generated by org.testng.reporters.JUnitReportReporter -->
<testsuite hostname="KAGUMPA-G2BH5" name="com.cisco.testscripts.PremiumRouting.Sprint27_US29913_02_MaintainGeoRoutes_Mergedwithgeodata_Edit" tests="1" failures="0" timestamp="1 Apr 2016 00:33:00 GMT" time="155.211" errors="0">
  <testcase name="maintainGeoRoutes_Mergedwithgeodata_Edit" time="155.211" classname="com.cisco.testscripts.PremiumRouting.Sprint27_US29913_02_MaintainGeoRoutes_Mergedwithgeodata_Edit"/>
</testsuite> <!-- com.cisco.testscripts.PremiumRouting.Sprint27_US29913_02_MaintainGeoRoutes_Mergedwithgeodata_Edit -->
