<?xml version="1.0" encoding="UTF-8"?>
<!-- Generated by org.testng.reporters.JUnitReportReporter -->
<testsuite hostname="KAGUMPA-G2BH5" name="com.cisco.testscripts.EndToEnd.E2E_PPL_ReleaseHolds" tests="1" failures="0" timestamp="21 Jun 2016 00:13:13 GMT" time="1232.720" errors="0">
  <testcase name="e2e_PPL_ReleaseHolds" time="1232.720" classname="com.cisco.testscripts.EndToEnd.E2E_PPL_ReleaseHolds"/>
</testsuite> <!-- com.cisco.testscripts.EndToEnd.E2E_PPL_ReleaseHolds -->
