<?xml version="1.0" encoding="UTF-8"?>
<!-- Generated by org.testng.reporters.JUnitReportReporter -->
<testsuite hostname="KAGUMPA-G2BH5" name="com.cisco.testscripts.PremiumRouting.Prem_Multiline_3PrtDefltDepoOrd_NoInvtry_HiRank_CHINA" tests="1" failures="0" timestamp="26 May 2016 05:19:53 GMT" time="701.528" errors="0">
  <testcase name="prem_Multiline_3PrtDefltDepoOrd_NoInvtry_HiRank_CHINA" time="701.528" classname="com.cisco.testscripts.PremiumRouting.Prem_Multiline_3PrtDefltDepoOrd_NoInvtry_HiRank_CHINA"/>
</testsuite> <!-- com.cisco.testscripts.PremiumRouting.Prem_Multiline_3PrtDefltDepoOrd_NoInvtry_HiRank_CHINA -->
