<?xml version="1.0" encoding="UTF-8"?>
<!-- Generated by org.testng.reporters.JUnitReportReporter -->
<testsuite hostname="KAGUMPA-G2BH5" name="com.cisco.testscripts.RMASimplification.RMAS_1018182_PartInfo_Entr_Quantity" tests="1" failures="0" timestamp="24 Jan 2017 06:36:49 GMT" time="71.565" errors="0">
  <testcase name="rmas_1018182_PartInfo_Entr_Quantity" time="71.565" classname="com.cisco.testscripts.RMASimplification.RMAS_1018182_PartInfo_Entr_Quantity"/>
</testsuite> <!-- com.cisco.testscripts.RMASimplification.RMAS_1018182_PartInfo_Entr_Quantity -->
