<?xml version="1.0" encoding="UTF-8"?>
<!-- Generated by org.testng.reporters.JUnitReportReporter -->
<testsuite hostname="KAGUMPA-G2BH5" name="com.cisco.testscripts.ProductionIssues.node_HealthCheck" tests="1" failures="0" timestamp="2 Jun 2016 23:09:15 GMT" time="182.515" errors="0">
  <testcase name="node_HealthCheck" time="182.515" classname="com.cisco.testscripts.ProductionIssues.node_HealthCheck"/>
</testsuite> <!-- com.cisco.testscripts.ProductionIssues.node_HealthCheck -->
