<?xml version="1.0" encoding="UTF-8"?>
<!-- Generated by org.testng.reporters.JUnitReportReporter -->
<testsuite hostname="KAGUMPA-G2BH5" name="com.cisco.testscripts.PremiumRouting.Prem_1LinePrefrDepo_SHANGHAI" tests="1" failures="0" timestamp="25 May 2016 22:11:01 GMT" time="719.906" errors="0">
  <testcase name="prem_1LinePrefrDepo_SHANGHAI" time="719.906" classname="com.cisco.testscripts.PremiumRouting.Prem_1LinePrefrDepo_SHANGHAI"/>
</testsuite> <!-- com.cisco.testscripts.PremiumRouting.Prem_1LinePrefrDepo_SHANGHAI -->
