<?xml version="1.0" encoding="UTF-8"?>
<!-- Generated by org.testng.reporters.JUnitReportReporter -->
<testsuite hostname="KAGUMPA-G2BH5" name="com.cisco.testscripts.PremiumRouting.UAT_1014050_4HrMultiline1Qty_DrpShpAddr" tests="1" failures="0" timestamp="6 Oct 2016 02:00:46 GMT" time="1391.024" errors="0">
  <testcase name="uat_1014050_4HrMultiline1Qty_DrpShpAddr" time="1391.024" classname="com.cisco.testscripts.PremiumRouting.UAT_1014050_4HrMultiline1Qty_DrpShpAddr"/>
</testsuite> <!-- com.cisco.testscripts.PremiumRouting.UAT_1014050_4HrMultiline1Qty_DrpShpAddr -->
