<?xml version="1.0" encoding="UTF-8"?>
<!-- Generated by org.testng.reporters.JUnitReportReporter -->
<testsuite hostname="KAGUMPA-G2BH5" name="com.cisco.testscripts.RMASimplification.RMAS_1018202_DeliveryDetails_Select_ServLevVarianceReason_II" tests="1" failures="0" timestamp="6 Feb 2017 06:46:26 GMT" time="195.901" errors="0">
  <testcase name="rmas_1018202_DeliveryDetails_Select_ServLevVarianceReason_II" time="195.901" classname="com.cisco.testscripts.RMASimplification.RMAS_1018202_DeliveryDetails_Select_ServLevVarianceReason_II"/>
</testsuite> <!-- com.cisco.testscripts.RMASimplification.RMAS_1018202_DeliveryDetails_Select_ServLevVarianceReason_II -->
