<?xml version="1.0" encoding="UTF-8"?>
<!-- Generated by org.testng.reporters.JUnitReportReporter -->
<testsuite hostname="KAGUMPA-G2BH5" name="com.cisco.testscripts.RMASimplification.RMAS_1018198_SiteInfo_Clk_SiteInfoContinue" tests="1" failures="0" timestamp="6 Feb 2017 06:30:26 GMT" time="161.415" errors="0">
  <testcase name="rmas_1018198_SiteInfo_Clk_SiteInfoContinue" time="161.415" classname="com.cisco.testscripts.RMASimplification.RMAS_1018198_SiteInfo_Clk_SiteInfoContinue"/>
</testsuite> <!-- com.cisco.testscripts.RMASimplification.RMAS_1018198_SiteInfo_Clk_SiteInfoContinue -->
