<?xml version="1.0" encoding="UTF-8"?>
<!-- Generated by org.testng.reporters.JUnitReportReporter -->
<testsuite hostname="KAGUMPA-G2BH5" name="com.cisco.testscripts.EndToEnd.Email_Verification_1014059" tests="1" failures="0" timestamp="4 Aug 2016 18:28:42 GMT" time="49.894" errors="0">
  <testcase name="email_Verification_1014059" time="49.894" classname="com.cisco.testscripts.EndToEnd.Email_Verification_1014059"/>
</testsuite> <!-- com.cisco.testscripts.EndToEnd.Email_Verification_1014059 -->
