<?xml version="1.0" encoding="UTF-8"?>
<!-- Generated by org.testng.reporters.JUnitReportReporter -->
<testsuite hostname="KAGUMPA-G2BH5" name="com.cisco.testscripts.PremiumRouting.Prem_IncortPostal_Exclamation628162" tests="1" failures="0" timestamp="26 May 2016 05:19:08 GMT" time="656.605" errors="0">
  <testcase name="prem_IncortPostal_Exclamation628162" time="656.605" classname="com.cisco.testscripts.PremiumRouting.Prem_IncortPostal_Exclamation628162"/>
</testsuite> <!-- com.cisco.testscripts.PremiumRouting.Prem_IncortPostal_Exclamation628162 -->
