<?xml version="1.0" encoding="UTF-8"?>
<!-- Generated by org.testng.reporters.JUnitReportReporter -->
<testsuite hostname="KAGUMPA-G2BH5" name="com.cisco.testscripts.PremiumRouting.Prem_Multilin_2PrefPrts_2ndPrefPrt_NoInvtry" tests="1" failures="0" timestamp="7 Jun 2016 03:38:29 GMT" time="653.274" errors="0">
  <testcase name="prem_Multilin_2PrefPrts_2ndPrefPrt_NoInvtry" time="653.274" classname="com.cisco.testscripts.PremiumRouting.Prem_Multilin_2PrefPrts_2ndPrefPrt_NoInvtry"/>
</testsuite> <!-- com.cisco.testscripts.PremiumRouting.Prem_Multilin_2PrefPrts_2ndPrefPrt_NoInvtry -->
