<?xml version="1.0" encoding="UTF-8"?>
<!-- Generated by org.testng.reporters.JUnitReportReporter -->
<testsuite hostname="KAGUMPA-G2BH5" name="com.cisco.testscripts.RMASimplification.RMAS_1018192_SiteInfo_UnChk_ShiptoInstalAddrs" tests="1" failures="0" timestamp="6 Feb 2017 06:29:36 GMT" time="118.786" errors="0">
  <testcase name="rmas_1018192_SiteInfo_UnChk_ShiptoInstalAddrs" time="118.786" classname="com.cisco.testscripts.RMASimplification.RMAS_1018192_SiteInfo_UnChk_ShiptoInstalAddrs"/>
</testsuite> <!-- com.cisco.testscripts.RMASimplification.RMAS_1018192_SiteInfo_UnChk_ShiptoInstalAddrs -->
