<?xml version="1.0" encoding="UTF-8"?>
<!-- Generated by org.testng.reporters.JUnitReportReporter -->
<testsuite hostname="KAGUMPA-G2BH5" name="com.cisco.testscripts.PremiumRouting.UAT_1014031_NBDMultiline1QtyPreferDepoBPSInventry_NoESRI" tests="1" failures="0" timestamp="15 Aug 2016 18:45:08 GMT" time="403.448" errors="1">
  <testcase name="uat_1014031_NBDMultiline1QtyPreferDepoBPSInventry_NoESRI" time="403.448" classname="com.cisco.testscripts.PremiumRouting.UAT_1014031_NBDMultiline1QtyPreferDepoBPSInventry_NoESRI">
    <error type="java.lang.AssertionError" message="expected [true] but found [false]">
      <![CDATA[java.lang.AssertionError: expected [true] but found [false]
	at org.testng.Assert.fail(Assert.java:94)
	at org.testng.Assert.failNotEquals(Assert.java:494)
	at org.testng.Assert.assertTrue(Assert.java:42)
	at org.testng.Assert.assertTrue(Assert.java:52)
	at lib.cisco.util.ApplicationUtility.routing_SORT_Select_PartOption_RMA(ApplicationUtility.java:3733)
	at com.cisco.testscripts.PremiumRouting.UAT_1014031_NBDMultiline1QtyPreferDepoBPSInventry_NoESRI.uat_1014031_NBDMultiline1QtyPreferDepoBPSInventry_NoESRI(UAT_1014031_NBDMultiline1QtyPreferDepoBPSInventry_NoESRI.java:34)
	at sun.reflect.NativeMethodAccessorImpl.invoke0(Native Method)
	at sun.reflect.NativeMethodAccessorImpl.invoke(NativeMethodAccessorImpl.java:57)
	at sun.reflect.DelegatingMethodAccessorImpl.invoke(DelegatingMethodAccessorImpl.java:43)
	at java.lang.reflect.Method.invoke(Method.java:606)
	at org.testng.internal.MethodInvocationHelper.invokeMethod(MethodInvocationHelper.java:84)
	at org.testng.internal.Invoker.invokeMethod(Invoker.java:714)
	at org.testng.internal.Invoker.invokeTestMethod(Invoker.java:901)
	at org.testng.internal.Invoker.invokeTestMethods(Invoker.java:1231)
	at org.testng.internal.TestMethodWorker.invokeTestMethods(TestMethodWorker.java:127)
	at org.testng.internal.TestMethodWorker.run(TestMethodWorker.java:111)
	at org.testng.TestRunner.privateRun(TestRunner.java:767)
	at org.testng.TestRunner.run(TestRunner.java:617)
	at org.testng.SuiteRunner.runTest(SuiteRunner.java:348)
	at org.testng.SuiteRunner.runSequentially(SuiteRunner.java:343)
	at org.testng.SuiteRunner.privateRun(SuiteRunner.java:305)
	at org.testng.SuiteRunner.run(SuiteRunner.java:254)
	at org.testng.SuiteRunnerWorker.runSuite(SuiteRunnerWorker.java:52)
	at org.testng.SuiteRunnerWorker.run(SuiteRunnerWorker.java:86)
	at org.testng.TestNG.runSuitesSequentially(TestNG.java:1224)
	at org.testng.TestNG.runSuitesLocally(TestNG.java:1149)
	at org.testng.TestNG.run(TestNG.java:1057)
	at lib.cisco.util.SequentialExecution.runTestNGSequential(SequentialExecution.java:54)
	at lib.cisco.util.Runner.primaryExecution(Runner.java:306)
	at lib.cisco.util.Runner.releaseTesting(Runner.java:272)
	at lib.cisco.util.Runner.main(Runner.java:220)
]]>
    </error>
  </testcase> <!-- uat_1014031_NBDMultiline1QtyPreferDepoBPSInventry_NoESRI -->
</testsuite> <!-- com.cisco.testscripts.PremiumRouting.UAT_1014031_NBDMultiline1QtyPreferDepoBPSInventry_NoESRI -->
