<?xml version="1.0" encoding="UTF-8"?>
<!-- Generated by org.testng.reporters.JUnitReportReporter -->
<testsuite hostname="KAGUMPA-G2BH5" name="com.cisco.testscripts.PremiumRouting.UAT_1014027_4hrMultiline1lineAssignPreferDepo2nd_AssigDeflt" tests="1" failures="0" timestamp="22 Jun 2016 19:38:59 GMT" time="678.168" errors="0">
  <testcase name="uat_1014027_4hrMultiline1lineAssignPreferDepo2nd_AssigDeflt" time="678.168" classname="com.cisco.testscripts.PremiumRouting.UAT_1014027_4hrMultiline1lineAssignPreferDepo2nd_AssigDeflt"/>
</testsuite> <!-- com.cisco.testscripts.PremiumRouting.UAT_1014027_4hrMultiline1lineAssignPreferDepo2nd_AssigDeflt -->
