<?xml version="1.0" encoding="UTF-8"?>
<!-- Generated by org.testng.reporters.JUnitReportReporter -->
<testsuite hostname="KAGUMPA-G2BH5" name="com.cisco.testscripts.RMASimplification.RMAS_1018188_PartInfo_Entr_PrtFailureDesc" tests="1" failures="0" timestamp="23 Feb 2017 20:29:43 GMT" time="67.464" errors="0">
  <testcase name="rmas_1018188_PartInfo_Entr_PrtFailureDesc" time="67.464" classname="com.cisco.testscripts.RMASimplification.RMAS_1018188_PartInfo_Entr_PrtFailureDesc"/>
</testsuite> <!-- com.cisco.testscripts.RMASimplification.RMAS_1018188_PartInfo_Entr_PrtFailureDesc -->
