<?xml version="1.0" encoding="UTF-8"?>
<!-- Generated by org.testng.reporters.JUnitReportReporter -->
<testsuite hostname="KAGUMPA-G2BH5" name="com.cisco.testscripts.PremiumRouting.UAT_1014017_2hr1Qtyprefr_Invetry" tests="1" failures="0" timestamp="5 Oct 2016 20:39:01 GMT" time="731.630" errors="0">
  <testcase name="uat_1014017_2hr1Qtyprefr_Invetry" time="731.630" classname="com.cisco.testscripts.PremiumRouting.UAT_1014017_2hr1Qtyprefr_Invetry"/>
</testsuite> <!-- com.cisco.testscripts.PremiumRouting.UAT_1014017_2hr1Qtyprefr_Invetry -->
