<?xml version="1.0" encoding="UTF-8"?>
<!-- Generated by org.testng.reporters.JUnitReportReporter -->
<testsuite hostname="KAGUMPA-G2BH5" name="com.cisco.testscripts.RMASimplification.RMAS_1018179_IdontHave_SerialNum" tests="1" failures="0" timestamp="23 Feb 2017 20:29:41 GMT" time="67.395" errors="0">
  <testcase name="rmas_1018179_IdontHave_SerialNum" time="67.395" classname="com.cisco.testscripts.RMASimplification.RMAS_1018179_IdontHave_SerialNum"/>
</testsuite> <!-- com.cisco.testscripts.RMASimplification.RMAS_1018179_IdontHave_SerialNum -->
