<?xml version="1.0" encoding="UTF-8"?>
<!-- Generated by org.testng.reporters.JUnitReportReporter -->
<testsuite hostname="KAGUMPA-G2BH5" name="com.cisco.testscripts.RMASimplification.RMAS_1018221_Verify_RmaOrdrDetails" tests="1" failures="1" timestamp="20 Mar 2017 16:18:11 GMT" time="368.481" errors="0">
  <testcase name="rmas_1018221_Verify_RmaOrdrDetails" time="368.481" classname="com.cisco.testscripts.RMASimplification.RMAS_1018221_Verify_RmaOrdrDetails">
    <failure type="java.lang.NoSuchMethodError" message="lib.cisco.util.DBUtill.addLogResultToMap(Ljava/lang/String;Ljava/lang/String;Ljava/lang/String;Ljava/lang/String;Ljava/lang/String;Ljava/lang/String;Ljava/lang/String;Ljava/lang/String;Ljava/lang/String;)V">
      <![CDATA[java.lang.NoSuchMethodError: lib.cisco.util.DBUtill.addLogResultToMap(Ljava/lang/String;Ljava/lang/String;Ljava/lang/String;Ljava/lang/String;Ljava/lang/String;Ljava/lang/String;Ljava/lang/String;Ljava/lang/String;Ljava/lang/String;)V
	at lib.cisco.util.Listener.onTestSuccess(Listener.java:65)
	at org.testng.internal.Invoker.runTestListeners(Invoker.java:1899)
	at org.testng.internal.Invoker.runTestListeners(Invoker.java:1879)
	at org.testng.internal.Invoker.invokeMethod(Invoker.java:778)
	at org.testng.internal.Invoker.invokeTestMethod(Invoker.java:901)
	at org.testng.internal.Invoker.invokeTestMethods(Invoker.java:1231)
	at org.testng.internal.TestMethodWorker.invokeTestMethods(TestMethodWorker.java:127)
	at org.testng.internal.TestMethodWorker.run(TestMethodWorker.java:111)
	at org.testng.TestRunner.privateRun(TestRunner.java:767)
	at org.testng.TestRunner.run(TestRunner.java:617)
	at org.testng.SuiteRunner.runTest(SuiteRunner.java:348)
	at org.testng.SuiteRunner.runSequentially(SuiteRunner.java:343)
	at org.testng.SuiteRunner.privateRun(SuiteRunner.java:305)
	at org.testng.SuiteRunner.run(SuiteRunner.java:254)
	at org.testng.SuiteRunnerWorker.runSuite(SuiteRunnerWorker.java:52)
	at org.testng.SuiteRunnerWorker.run(SuiteRunnerWorker.java:86)
	at org.testng.TestNG.runSuitesSequentially(TestNG.java:1224)
	at org.testng.TestNG.runSuitesLocally(TestNG.java:1149)
	at org.testng.TestNG.run(TestNG.java:1057)
	at lib.cisco.util.SequentialExecution.runTestNGSequential(SequentialExecution.java:51)
	at lib.cisco.util.Runner.primaryExecution(Runner.java:244)
	at lib.cisco.util.Runner.releaseTesting(Runner.java:210)
	at lib.cisco.util.Runner.main(Runner.java:158)
]]>
    </failure>
  </testcase> <!-- rmas_1018221_Verify_RmaOrdrDetails -->
</testsuite> <!-- com.cisco.testscripts.RMASimplification.RMAS_1018221_Verify_RmaOrdrDetails -->
