<?xml version="1.0" encoding="UTF-8"?>
<!-- Generated by org.testng.reporters.JUnitReportReporter -->
<testsuite hostname="KAGUMPA-G2BH5" name="com.cisco.testscripts.AppHealthCheckScripts.Run_1014034_Any_Scirpt" tests="1" failures="0" timestamp="10 Jun 2016 19:10:22 GMT" time="627.754" errors="0">
  <testcase name="run_1014034_Any_Scirpt" time="627.754" classname="com.cisco.testscripts.AppHealthCheckScripts.Run_1014034_Any_Scirpt"/>
</testsuite> <!-- com.cisco.testscripts.AppHealthCheckScripts.Run_1014034_Any_Scirpt -->
