<?xml version="1.0" encoding="UTF-8"?>
<!-- Generated by org.testng.reporters.JUnitReportReporter -->
<testsuite hostname="KAGUMPA-G2BH5" name="com.cisco.testscripts.ProductionValidation.ProdValidation_Japan_AR_NBD_RMA_MultilinePart" tests="1" failures="0" timestamp="15 Jul 2016 23:38:56 GMT" time="602.230" errors="0">
  <testcase name="prodValidation_Japan_AR_NBD_RMA_MultilinePart" time="602.230" classname="com.cisco.testscripts.ProductionValidation.ProdValidation_Japan_AR_NBD_RMA_MultilinePart"/>
</testsuite> <!-- com.cisco.testscripts.ProductionValidation.ProdValidation_Japan_AR_NBD_RMA_MultilinePart -->
