<?xml version="1.0" encoding="UTF-8"?>
<!-- Generated by org.testng.reporters.JUnitReportReporter -->
<testsuite hostname="KAGUMPA-G2BH5" name="com.cisco.testscripts.RMASimplification.RMAS_1018213_SiteInfo_Clk_HardStop" tests="1" failures="0" timestamp="6 Feb 2017 07:02:59 GMT" time="166.272" errors="0">
  <testcase name="rmas_1018213_SiteInfo_Clk_HardStop" time="166.272" classname="com.cisco.testscripts.RMASimplification.RMAS_1018213_SiteInfo_Clk_HardStop"/>
</testsuite> <!-- com.cisco.testscripts.RMASimplification.RMAS_1018213_SiteInfo_Clk_HardStop -->
