<?xml version="1.0" encoding="UTF-8"?>
<!-- Generated by org.testng.reporters.JUnitReportReporter -->
<testsuite hostname="KAGUMPA-G2BH5" name="com.cisco.testscripts.RMASimplification.RMAS_1018183_PartInfo_Select_ServiceLevel_I" tests="1" failures="0" timestamp="6 Feb 2017 05:49:46 GMT" time="67.994" errors="0">
  <testcase name="rmas_1018183_PartInfo_Select_ServiceLevel_I" time="67.994" classname="com.cisco.testscripts.RMASimplification.RMAS_1018183_PartInfo_Select_ServiceLevel_I"/>
</testsuite> <!-- com.cisco.testscripts.RMASimplification.RMAS_1018183_PartInfo_Select_ServiceLevel_I -->
