<?xml version="1.0" encoding="UTF-8"?>
<!-- Generated by org.testng.reporters.JUnitReportReporter -->
<testsuite hostname="KAGUMPA-G2BH5" name="com.cisco.testscripts.PremiumRouting.Prem_IncortPostal_7Digit6281621" tests="1" failures="0" timestamp="26 May 2016 05:17:55 GMT" time="580.409" errors="0">
  <testcase name="prem_IncortPostal_7Digit6281621" time="580.409" classname="com.cisco.testscripts.PremiumRouting.Prem_IncortPostal_7Digit6281621"/>
</testsuite> <!-- com.cisco.testscripts.PremiumRouting.Prem_IncortPostal_7Digit6281621 -->
