<?xml version="1.0" encoding="UTF-8"?>
<!-- Generated by org.testng.reporters.JUnitReportReporter -->
<testsuite hostname="KAGUMPA-G2BH5" name="com.cisco.testscripts.LAE_RegTest_Suite.LAE_RegTest_1014063_CreatePPL_4HrsOrderSpace" tests="1" failures="0" timestamp="31 Aug 2016 16:03:28 GMT" time="687.104" errors="0">
  <testcase name="labor_1014063_CreatePPL_4HrsOrderSpace" time="687.104" classname="com.cisco.testscripts.LAE_RegTest_Suite.LAE_RegTest_1014063_CreatePPL_4HrsOrderSpace"/>
</testsuite> <!-- com.cisco.testscripts.LAE_RegTest_Suite.LAE_RegTest_1014063_CreatePPL_4HrsOrderSpace -->
