<?xml version="1.0" encoding="UTF-8"?>
<!-- Generated by org.testng.reporters.JUnitReportReporter -->
<testsuite hostname="KAGUMPA-G2BH5" name="com.cisco.testscripts.EndToEnd.E2E_1014039_PPO_4Hr1line1Qty" tests="1" failures="0" timestamp="21 Jul 2016 21:25:25 GMT" time="641.610" errors="0">
  <testcase name="e2e_1014039_PPO_4Hr1line1Qty" time="641.610" classname="com.cisco.testscripts.EndToEnd.E2E_1014039_PPO_4Hr1line1Qty"/>
</testsuite> <!-- com.cisco.testscripts.EndToEnd.E2E_1014039_PPO_4Hr1line1Qty -->
