<?xml version="1.0" encoding="UTF-8"?>
<!-- Generated by org.testng.reporters.JUnitReportReporter -->
<testsuite hostname="KAGUMPA-G2BH5" name="com.cisco.testscripts.PremiumRouting.UAT_1014024_4HrMultiline1Qty_DrpShpAddr" tests="1" failures="0" timestamp="11 Jul 2016 23:54:28 GMT" time="706.193" errors="0">
  <testcase name="uat_1014024_4HrMultiline1Qty_DrpShpAddr" time="706.193" classname="com.cisco.testscripts.PremiumRouting.UAT_1014024_4HrMultiline1Qty_DrpShpAddr"/>
</testsuite> <!-- com.cisco.testscripts.PremiumRouting.UAT_1014024_4HrMultiline1Qty_DrpShpAddr -->
