<?xml version="1.0" encoding="UTF-8"?>
<!-- Generated by org.testng.reporters.JUnitReportReporter -->
<testsuite hostname="KAGUMPA-G2BH5" name="com.cisco.testscripts.RMASimplification.RMAS_1018201_DeliveryDetails_Select_ServLevVarianceReason_I" tests="1" failures="0" timestamp="6 Feb 2017 06:46:14 GMT" time="187.764" errors="0">
  <testcase name="rmas_1018201_DeliveryDetails_Select_ServLevVarianceReason_I" time="187.764" classname="com.cisco.testscripts.RMASimplification.RMAS_1018201_DeliveryDetails_Select_ServLevVarianceReason_I"/>
</testsuite> <!-- com.cisco.testscripts.RMASimplification.RMAS_1018201_DeliveryDetails_Select_ServLevVarianceReason_I -->
