<?xml version="1.0" encoding="UTF-8"?>
<!-- Generated by org.testng.reporters.JUnitReportReporter -->
<testsuite hostname="KAGUMPA-G2BH5" name="com.cisco.testscripts.PremiumRouting.Prem_1linPreferOrd_NoStateZipcode" tests="1" failures="0" timestamp="24 Apr 2016 18:26:26 GMT" time="502.174" errors="0">
  <testcase name="prem_1linPreferOrd_NoStateZipcode" time="502.174" classname="com.cisco.testscripts.PremiumRouting.Prem_1linPreferOrd_NoStateZipcode"/>
</testsuite> <!-- com.cisco.testscripts.PremiumRouting.Prem_1linPreferOrd_NoStateZipcode -->
