<?xml version="1.0" encoding="UTF-8"?>
<!-- Generated by org.testng.reporters.JUnitReportReporter -->
<testsuite hostname="KAGUMPA-G2BH5" name="com.cisco.testscripts.RMASimplification.RMAS_1018180_PartInfo_Entr_Serial_I" tests="1" failures="0" timestamp="6 Feb 2017 05:49:50 GMT" time="73.735" errors="0">
  <testcase name="rmas_1018180_PartInfo_Entr_Serial_I" time="73.735" classname="com.cisco.testscripts.RMASimplification.RMAS_1018180_PartInfo_Entr_Serial_I"/>
</testsuite> <!-- com.cisco.testscripts.RMASimplification.RMAS_1018180_PartInfo_Entr_Serial_I -->
