<?xml version="1.0" encoding="UTF-8"?>
<!-- Generated by org.testng.reporters.JUnitReportReporter -->
<testsuite hostname="KAGUMPA-G2BH5" name="com.cisco.testscripts.RMASimplification.RMAS_1018184_PartInfo_Entr_ServiceLevel_II" tests="1" failures="0" timestamp="1 Nov 2016 22:03:44 GMT" time="86.219" errors="0">
  <testcase name="rmas_1018184_PartInfo_Entr_ServiceLevel_II" time="86.219" classname="com.cisco.testscripts.RMASimplification.RMAS_1018184_PartInfo_Entr_ServiceLevel_II"/>
</testsuite> <!-- com.cisco.testscripts.RMASimplification.RMAS_1018184_PartInfo_Entr_ServiceLevel_II -->
