<?xml version="1.0" encoding="UTF-8"?>
<!-- Generated by org.testng.reporters.JUnitReportReporter -->
<testsuite hostname="KAGUMPA-G2BH5" name="com.cisco.testscripts.PremiumRouting.Prem_MultilinesRout_1Prefrd1Deflt_SameDepo" tests="1" failures="0" timestamp="25 Apr 2016 21:47:06 GMT" time="531.985" errors="0">
  <testcase name="prem_MultilinesRout_1Prefrd1Deflt_SameDepo" time="531.985" classname="com.cisco.testscripts.PremiumRouting.Prem_MultilinesRout_1Prefrd1Deflt_SameDepo"/>
</testsuite> <!-- com.cisco.testscripts.PremiumRouting.Prem_MultilinesRout_1Prefrd1Deflt_SameDepo -->
