<?xml version="1.0" encoding="UTF-8"?>
<!-- Generated by org.testng.reporters.JUnitReportReporter -->
<testsuite hostname="KAGUMPA-G2BH5" name="com.cisco.testscripts.ProductionValidation.ProdValidation_EMEAR_AR_10thDay_MultiLines" tests="1" failures="0" timestamp="12 Jun 2016 11:26:05 GMT" time="535.251" errors="0">
  <testcase name="prodValidation_EMEAR_AR_10thDay_MultiLines" time="535.251" classname="com.cisco.testscripts.ProductionValidation.ProdValidation_EMEAR_AR_10thDay_MultiLines"/>
</testsuite> <!-- com.cisco.testscripts.ProductionValidation.ProdValidation_EMEAR_AR_10thDay_MultiLines -->
