<?xml version="1.0" encoding="UTF-8"?>
<!-- Generated by org.testng.reporters.JUnitReportReporter -->
<testsuite hostname="KAGUMPA-G2BH5" name="com.cisco.testscripts.PremiumRouting.Prem_MultiOrd_1Prefr1DefltDepo_China" tests="1" failures="0" timestamp="25 May 2016 22:11:08 GMT" time="727.324" errors="0">
  <testcase name="prem_MultiOrd_1Prefr1DefltDepo_China" time="727.324" classname="com.cisco.testscripts.PremiumRouting.Prem_MultiOrd_1Prefr1DefltDepo_China"/>
</testsuite> <!-- com.cisco.testscripts.PremiumRouting.Prem_MultiOrd_1Prefr1DefltDepo_China -->
