<?xml version="1.0" encoding="UTF-8"?>
<!-- Generated by org.testng.reporters.JUnitReportReporter -->
<testsuite hostname="KAGUMPA-G2BH5" name="com.cisco.testscripts.RMASimplification.RMAS_1018222_Entr_ContractNum" tests="1" failures="0" timestamp="2 Mar 2017 19:07:06 GMT" time="72.008" errors="0">
  <testcase name="rmas_1018222_Entr_ContractNum" time="72.008" classname="com.cisco.testscripts.RMASimplification.RMAS_1018222_Entr_ContractNum"/>
</testsuite> <!-- com.cisco.testscripts.RMASimplification.RMAS_1018222_Entr_ContractNum -->
