<?xml version="1.0" encoding="UTF-8"?>
<!-- Generated by org.testng.reporters.JUnitReportReporter -->
<testsuite hostname="KAGUMPA-G2BH5" name="com.cisco.testscripts.PremiumRouting.DB_Verfiying" tests="1" failures="0" timestamp="19 May 2016 16:13:00 GMT" time="79.064" errors="0">
  <testcase name="dB_Verfiying" time="79.064" classname="com.cisco.testscripts.PremiumRouting.DB_Verfiying"/>
</testsuite> <!-- com.cisco.testscripts.PremiumRouting.DB_Verfiying -->
