<?xml version="1.0" encoding="UTF-8"?>
<!-- Generated by org.testng.reporters.JUnitReportReporter -->
<testsuite hostname="KAGUMPA-G2BH5" name="com.cisco.testscripts.RMASimplification.RMAS_1018178_Entr_SerialNumber" tests="1" failures="0" timestamp="23 Feb 2017 20:29:48 GMT" time="74.230" errors="0">
  <testcase name="rmas_1018178_Entr_SerialNumber" time="74.230" classname="com.cisco.testscripts.RMASimplification.RMAS_1018178_Entr_SerialNumber"/>
</testsuite> <!-- com.cisco.testscripts.RMASimplification.RMAS_1018178_Entr_SerialNumber -->
