<?xml version="1.0" encoding="UTF-8"?>
<!-- Generated by org.testng.reporters.JUnitReportReporter -->
<testsuite hostname="KAGUMPA-G2BH5" name="com.cisco.testscripts.PremiumRouting.Sprint26_US27105_Show_BKO_BKL_ClosedOn_ResolvedBackOrd" tests="1" failures="0" timestamp="29 Mar 2016 22:11:26 GMT" time="118.588" errors="0">
  <testcase name="planner_Search_BKO_BKL_CLosed_ResolvedBackOrd" time="118.588" classname="com.cisco.testscripts.PremiumRouting.Sprint26_US27105_Show_BKO_BKL_ClosedOn_ResolvedBackOrd"/>
</testsuite> <!-- com.cisco.testscripts.PremiumRouting.Sprint26_US27105_Show_BKO_BKL_ClosedOn_ResolvedBackOrd -->
