<?xml version="1.0" encoding="UTF-8"?>
<!-- Generated by org.testng.reporters.JUnitReportReporter -->
<testsuite hostname="KAGUMPA-G2BH5" name="com.cisco.testscripts.LAE_RegTest_Suite.LAE_RegTest_1014061_CreatePPL_4HrsOrder" tests="1" failures="0" timestamp="26 Aug 2016 18:46:57 GMT" time="792.892" errors="0">
  <testcase name="labor_1014061_CreatePPL_4HrsOrder" time="792.892" classname="com.cisco.testscripts.LAE_RegTest_Suite.LAE_RegTest_1014061_CreatePPL_4HrsOrder"/>
</testsuite> <!-- com.cisco.testscripts.LAE_RegTest_Suite.LAE_RegTest_1014061_CreatePPL_4HrsOrder -->
