<?xml version="1.0" encoding="UTF-8"?>
<!-- Generated by org.testng.reporters.JUnitReportReporter -->
<testsuite hostname="KAGUMPA-G2BH5" name="com.cisco.testscripts.RMASimplification.RMALogin" tests="1" failures="0" timestamp="27 Oct 2016 17:15:53 GMT" time="49.562" errors="0">
  <testcase name="rmaLogin" time="49.562" classname="com.cisco.testscripts.RMASimplification.RMALogin"/>
</testsuite> <!-- com.cisco.testscripts.RMASimplification.RMALogin -->
