<?xml version="1.0" encoding="UTF-8"?>
<!-- Generated by org.testng.reporters.JUnitReportReporter -->
<testsuite hostname="KAGUMPA-G2BH5" name="com.cisco.testscripts.PremiumRouting.Prem_ESRI_Rout_NCD_DropShipAddres_ESRI_US" tests="1" failures="0" timestamp="31 May 2016 18:23:03 GMT" time="608.510" errors="0">
  <testcase name="prem_ESRI_Rout_NCD_DropShipAddres_ESRI_US" time="608.510" classname="com.cisco.testscripts.PremiumRouting.Prem_ESRI_Rout_NCD_DropShipAddres_ESRI_US"/>
</testsuite> <!-- com.cisco.testscripts.PremiumRouting.Prem_ESRI_Rout_NCD_DropShipAddres_ESRI_US -->
