<?xml version="1.0" encoding="UTF-8"?>
<!-- Generated by org.testng.reporters.JUnitReportReporter -->
<testsuite hostname="KAGUMPA-G2BH5" name="com.cisco.testscripts.SortRouting.Routing_AR_NBD_MultiPart_MultiLineShipExcpt_ContractNum" tests="1" failures="0" timestamp="6 Jun 2016 20:23:33 GMT" time="535.951" errors="0">
  <testcase name="routing_AR_NBD_MultiPart_MultiLineShipExcpt_ContractNum" time="535.951" classname="com.cisco.testscripts.SortRouting.Routing_AR_NBD_MultiPart_MultiLineShipExcpt_ContractNum"/>
</testsuite> <!-- com.cisco.testscripts.SortRouting.Routing_AR_NBD_MultiPart_MultiLineShipExcpt_ContractNum -->
