<?xml version="1.0" encoding="UTF-8"?>
<!-- Generated by org.testng.reporters.JUnitReportReporter -->
<testsuite hostname="KAGUMPA-G2BH5" name="com.cisco.testscripts.RMASimplification.RMAS_1018200_DeliveryDetails_Select_ServiceLevel_II" tests="1" failures="0" timestamp="6 Feb 2017 06:46:14 GMT" time="185.339" errors="0">
  <testcase name="rmas_1018200_DeliveryDetails_Select_ServiceLevel_II" time="185.339" classname="com.cisco.testscripts.RMASimplification.RMAS_1018200_DeliveryDetails_Select_ServiceLevel_II"/>
</testsuite> <!-- com.cisco.testscripts.RMASimplification.RMAS_1018200_DeliveryDetails_Select_ServiceLevel_II -->
