<?xml version="1.0" encoding="UTF-8"?>
<!-- Generated by org.testng.reporters.JUnitReportReporter -->
<testsuite hostname="KAGUMPA-G2BH5" name="com.cisco.testscripts.EndToEnd.E2E_1014048_PPO_4Hr1line1QtyCastleAnnex" tests="1" failures="0" timestamp="6 Oct 2016 02:56:21 GMT" time="697.646" errors="0">
  <testcase name="e2e_1014048_PPO_4Hr1line1QtyCastleAnnex" time="697.646" classname="com.cisco.testscripts.EndToEnd.E2E_1014048_PPO_4Hr1line1QtyCastleAnnex"/>
</testsuite> <!-- com.cisco.testscripts.EndToEnd.E2E_1014048_PPO_4Hr1line1QtyCastleAnnex -->
