<?xml version="1.0" encoding="UTF-8"?>
<!-- Generated by org.testng.reporters.JUnitReportReporter -->
<testsuite hostname="KAGUMPA-G2BH5" name="com.cisco.testscripts.SortRouting.Creating_Adv_RMA_TS2" tests="1" failures="0" timestamp="1 Apr 2016 23:16:50 GMT" time="371.194" errors="0">
  <testcase name="creating_Adv_RMA_TS2" time="371.194" classname="com.cisco.testscripts.SortRouting.Creating_Adv_RMA_TS2"/>
</testsuite> <!-- com.cisco.testscripts.SortRouting.Creating_Adv_RMA_TS2 -->
