<?xml version="1.0" encoding="UTF-8"?>
<!-- Generated by org.testng.reporters.JUnitReportReporter -->
<testsuite hostname="KAGUMPA-G2BH5" name="com.cisco.testscripts.RMASimplification.RMAS_1018183_PartInfo_Entr_ServiceLevel_I" tests="1" failures="0" timestamp="1 Nov 2016 20:44:45 GMT" time="59.617" errors="0">
  <testcase name="rmas_1018183_PartInfo_Entr_ServiceLevel_I" time="59.617" classname="com.cisco.testscripts.RMASimplification.RMAS_1018183_PartInfo_Entr_ServiceLevel_I"/>
</testsuite> <!-- com.cisco.testscripts.RMASimplification.RMAS_1018183_PartInfo_Entr_ServiceLevel_I -->
