<?xml version="1.0" encoding="UTF-8"?>
<!-- Generated by org.testng.reporters.JUnitReportReporter -->
<testsuite hostname="KAGUMPA-G2BH5" name="com.cisco.testscripts.RMASimplification.RMAS_1018181_PartInfo_Entr_Serial_II" tests="1" failures="0" timestamp="6 Feb 2017 05:49:57 GMT" time="80.201" errors="0">
  <testcase name="rmas_1018181_PartInfo_Entr_Serial_II" time="80.201" classname="com.cisco.testscripts.RMASimplification.RMAS_1018181_PartInfo_Entr_Serial_II"/>
</testsuite> <!-- com.cisco.testscripts.RMASimplification.RMAS_1018181_PartInfo_Entr_Serial_II -->
