<?xml version="1.0" encoding="UTF-8"?>
<!-- Generated by org.testng.reporters.JUnitReportReporter -->
<testsuite hostname="KAGUMPA-G2BH5" name="com.cisco.testscripts.PremiumRouting.Sprint27_US29913_03_MaintanGeoRoutes_Mergedwthgeodata_Duplicate" tests="1" failures="0" timestamp="1 Apr 2016 04:24:29 GMT" time="189.345" errors="0">
  <testcase name="maintainGeoRoutes_Mergedwithgeodata_Duplicate" time="189.345" classname="com.cisco.testscripts.PremiumRouting.Sprint27_US29913_03_MaintanGeoRoutes_Mergedwthgeodata_Duplicate"/>
</testsuite> <!-- com.cisco.testscripts.PremiumRouting.Sprint27_US29913_03_MaintanGeoRoutes_Mergedwthgeodata_Duplicate -->
