<?xml version="1.0" encoding="UTF-8"?>
<!-- Generated by org.testng.reporters.JUnitReportReporter -->
<testsuite hostname="KAGUMPA-G2BH5" name="com.cisco.testscripts.RMASimplification.RMAS_1018187_PartInfo_Select_PrtFailureCode" tests="1" failures="0" timestamp="23 Feb 2017 20:29:59 GMT" time="85.548" errors="0">
  <testcase name="rmas_1018187_PartInfo_Select_PrtFailureCode" time="85.548" classname="com.cisco.testscripts.RMASimplification.RMAS_1018187_PartInfo_Select_PrtFailureCode"/>
</testsuite> <!-- com.cisco.testscripts.RMASimplification.RMAS_1018187_PartInfo_Select_PrtFailureCode -->
