<?xml version="1.0" encoding="UTF-8"?>
<!-- Generated by org.testng.reporters.JUnitReportReporter -->
<testsuite hostname="KAGUMPA-G2BH5" name="com.cisco.testscripts.LAE_RegTest_Suite.LAE_RegTest_1014081_CreatePPL" tests="1" failures="0" timestamp="4 Oct 2016 01:18:00 GMT" time="836.047" errors="0">
  <testcase name="labor_1014081_CreatePPL" time="836.047" classname="com.cisco.testscripts.LAE_RegTest_Suite.LAE_RegTest_1014081_CreatePPL"/>
</testsuite> <!-- com.cisco.testscripts.LAE_RegTest_Suite.LAE_RegTest_1014081_CreatePPL -->
