<?xml version="1.0" encoding="UTF-8"?>
<!-- Generated by org.testng.reporters.JUnitReportReporter -->
<testsuite hostname="KAGUMPA-G2BH5" name="com.cisco.testscripts.RMASimplification.RMAS_1018214_DeliveryDetails_Clk_SoftStop" tests="1" failures="0" timestamp="6 Feb 2017 07:03:33 GMT" time="200.934" errors="0">
  <testcase name="rmas_1018214_DeliveryDetails_Clk_SoftStop" time="200.934" classname="com.cisco.testscripts.RMASimplification.RMAS_1018214_DeliveryDetails_Clk_SoftStop"/>
</testsuite> <!-- com.cisco.testscripts.RMASimplification.RMAS_1018214_DeliveryDetails_Clk_SoftStop -->
