<?xml version="1.0" encoding="UTF-8"?>
<!-- Generated by org.testng.reporters.JUnitReportReporter -->
<testsuite hostname="KAGUMPA-G2BH5" name="com.cisco.testscripts.RMASimplification.RMAS_1018204_DeliveryDetails_Entr_SpecialInstructions" tests="1" failures="0" timestamp="6 Feb 2017 06:46:24 GMT" time="194.618" errors="0">
  <testcase name="rmas_1018204_DeliveryDetails_Entr_SpecialInstructions" time="194.618" classname="com.cisco.testscripts.RMASimplification.RMAS_1018204_DeliveryDetails_Entr_SpecialInstructions"/>
</testsuite> <!-- com.cisco.testscripts.RMASimplification.RMAS_1018204_DeliveryDetails_Entr_SpecialInstructions -->
