<?xml version="1.0" encoding="UTF-8"?>
<!-- Generated by org.testng.reporters.JUnitReportReporter -->
<testsuite hostname="KAGUMPA-G2BH5" name="com.cisco.testscripts.PremiumRouting.UAT_1014011_PPO_2hrs_1QtyPref_InvtryCovr_PrefDepo_NonESRI" tests="1" failures="0" timestamp="5 Oct 2016 19:35:49 GMT" time="862.254" errors="0">
  <testcase name="uat_1014011_PPO_2hrs_1QtyPref_InvtryCovr_PrefDepo_NonESRI" time="862.254" classname="com.cisco.testscripts.PremiumRouting.UAT_1014011_PPO_2hrs_1QtyPref_InvtryCovr_PrefDepo_NonESRI"/>
</testsuite> <!-- com.cisco.testscripts.PremiumRouting.UAT_1014011_PPO_2hrs_1QtyPref_InvtryCovr_PrefDepo_NonESRI -->
