<?xml version="1.0" encoding="UTF-8"?>
<!-- Generated by org.testng.reporters.JUnitReportReporter -->
<testsuite hostname="KAGUMPA-G2BH5" name="com.cisco.testscripts.AppHealthCheckScripts.FPR_1014057_Georoute_PPL_24_PartialZip" tests="1" failures="0" timestamp="20 Jul 2016 20:17:03 GMT" time="708.567" errors="0">
  <testcase name="fpr_1014057_Georoute_PPL_24_PartialZip" time="708.567" classname="com.cisco.testscripts.AppHealthCheckScripts.FPR_1014057_Georoute_PPL_24_PartialZip"/>
</testsuite> <!-- com.cisco.testscripts.AppHealthCheckScripts.FPR_1014057_Georoute_PPL_24_PartialZip -->
