<?xml version="1.0" encoding="UTF-8"?>
<!-- Generated by org.testng.reporters.JUnitReportReporter -->
<testsuite hostname="KAGUMPA-G2BH5" name="com.cisco.testscripts.SortRouting.Routing_AR_SDSRPart1_MultiQty_AfterDepotCutOff" tests="1" failures="0" timestamp="5 Jun 2016 16:40:20 GMT" time="605.206" errors="0">
  <testcase name="routing_AR_SDSRPart1_MultiQty_AfterDepotCutOff" time="605.206" classname="com.cisco.testscripts.SortRouting.Routing_AR_SDSRPart1_MultiQty_AfterDepotCutOff"/>
</testsuite> <!-- com.cisco.testscripts.SortRouting.Routing_AR_SDSRPart1_MultiQty_AfterDepotCutOff -->
