<?xml version="1.0" encoding="UTF-8"?>
<!-- Generated by org.testng.reporters.JUnitReportReporter -->
<testsuite hostname="KAGUMPA-G2BH5" name="com.cisco.testscripts.PremiumRouting.Prem_IncortPostal_628Space162_SINGAPOR" tests="1" failures="0" timestamp="26 May 2016 05:32:49 GMT" time="1477.557" errors="0">
  <testcase name="prem_IncortPostal_628Space162_SINGAPOR" time="1477.557" classname="com.cisco.testscripts.PremiumRouting.Prem_IncortPostal_628Space162_SINGAPOR"/>
</testsuite> <!-- com.cisco.testscripts.PremiumRouting.Prem_IncortPostal_628Space162_SINGAPOR -->
