<?xml version="1.0" encoding="UTF-8"?>
<!-- Generated by org.testng.reporters.JUnitReportReporter -->
<testsuite hostname="KAGUMPA-G2BH5" name="com.cisco.testscripts.PremiumRouting.UAT_1014016_2hr1Qtyprefr_Invetry" tests="1" failures="0" timestamp="11 Jul 2016 23:42:38 GMT" time="758.283" errors="0">
  <testcase name="uat_2hr1Qtyprefr_Invetry" time="758.283" classname="com.cisco.testscripts.PremiumRouting.UAT_1014016_2hr1Qtyprefr_Invetry"/>
</testsuite> <!-- com.cisco.testscripts.PremiumRouting.UAT_1014016_2hr1Qtyprefr_Invetry -->
