<?xml version="1.0" encoding="UTF-8"?>
<!-- Generated by org.testng.reporters.JUnitReportReporter -->
<testsuite hostname="KAGUMPA-G2BH5" name="com.cisco.testscripts.RMASimplification.RMAS_1018195_SiteInfo_Entr_AddContacts" tests="1" failures="0" timestamp="6 Feb 2017 06:30:23 GMT" time="152.808" errors="0">
  <testcase name="rmas_1018195_SiteInfo_Entr_AddContacts" time="152.808" classname="com.cisco.testscripts.RMASimplification.RMAS_1018195_SiteInfo_Entr_AddContacts"/>
</testsuite> <!-- com.cisco.testscripts.RMASimplification.RMAS_1018195_SiteInfo_Entr_AddContacts -->
