<?xml version="1.0" encoding="UTF-8"?>
<!-- Generated by org.testng.reporters.JUnitReportReporter -->
<testsuite hostname="KAGUMPA-G2BH5" name="com.cisco.testscripts.ProductionValidation.ProdValidation_DutyManager_Reports" tests="1" failures="0" timestamp="10 Jun 2016 16:44:41 GMT" time="250.210" errors="0">
  <testcase name="prodValidation_DutyManager" time="250.210" classname="com.cisco.testscripts.ProductionValidation.ProdValidation_DutyManager_Reports"/>
</testsuite> <!-- com.cisco.testscripts.ProductionValidation.ProdValidation_DutyManager_Reports -->
