<?xml version="1.0" encoding="UTF-8"?>
<!-- Generated by org.testng.reporters.JUnitReportReporter -->
<testsuite hostname="KAGUMPA-G2BH5" name="com.cisco.testscripts.PremiumRouting.Prem_IncortPostal_62_8162" tests="1" failures="0" timestamp="26 May 2016 05:18:11 GMT" time="599.265" errors="0">
  <testcase name="prem_IncortPostal_62_8162" time="599.265" classname="com.cisco.testscripts.PremiumRouting.Prem_IncortPostal_62_8162"/>
</testsuite> <!-- com.cisco.testscripts.PremiumRouting.Prem_IncortPostal_62_8162 -->
