<?xml version="1.0" encoding="UTF-8"?>
<!-- Generated by org.testng.reporters.JUnitReportReporter -->
<testsuite hostname="KAGUMPA-G2BH5" name="com.cisco.testscripts.BacklogManagement.DutyManager_1010930_Create_BKL" tests="1" failures="0" timestamp="20 Jul 2016 18:58:28 GMT" time="998.385" errors="0">
  <testcase name="dutyMangr_1010930_Get_BKLNum" time="998.385" classname="com.cisco.testscripts.BacklogManagement.DutyManager_1010930_Create_BKL"/>
</testsuite> <!-- com.cisco.testscripts.BacklogManagement.DutyManager_1010930_Create_BKL -->
