<?xml version="1.0" encoding="UTF-8"?>
<!-- Generated by org.testng.reporters.JUnitReportReporter -->
<testsuite hostname="KAGUMPA-G2BH5" name="com.cisco.testscripts.ProductionValidation.Standard_1014032_ConfigOrder" tests="1" failures="0" timestamp="12 Jun 2016 10:51:29 GMT" time="567.552" errors="0">
  <testcase name="standard_1014032_ConfigOrder" time="567.552" classname="com.cisco.testscripts.ProductionValidation.Standard_1014032_ConfigOrder"/>
</testsuite> <!-- com.cisco.testscripts.ProductionValidation.Standard_1014032_ConfigOrder -->
