<?xml version="1.0" encoding="UTF-8"?>
<!-- Generated by org.testng.reporters.JUnitReportReporter -->
<testsuite hostname="KAGUMPA-G2BH5" name="com.cisco.testscripts.PremiumRouting.Sprint27_US29912_02_MaintainGeoRoutes_Mergedwithgeodata_Delete" tests="1" failures="0" timestamp="1 Apr 2016 18:27:47 GMT" time="162.958" errors="0">
  <testcase name="maintainGeoRoutes_Mergedwithgeodata_Delete" time="162.958" classname="com.cisco.testscripts.PremiumRouting.Sprint27_US29912_02_MaintainGeoRoutes_Mergedwithgeodata_Delete"/>
</testsuite> <!-- com.cisco.testscripts.PremiumRouting.Sprint27_US29912_02_MaintainGeoRoutes_Mergedwithgeodata_Delete -->
