<?xml version="1.0" encoding="UTF-8"?>
<!-- Generated by org.testng.reporters.JUnitReportReporter -->
<testsuite hostname="KAGUMPA-G2BH5" name="com.cisco.testscripts.PremiumRouting.Prem_ESRI_Rout_2hrPrefrIntvry_DefultDepo_2hr1linOrd_US" tests="1" failures="0" timestamp="31 May 2016 18:22:57 GMT" time="602.244" errors="0">
  <testcase name="prem_ESRI_Rout_2hrPrefrIntvry_DefultDepo_2hr1linOrd_US" time="602.244" classname="com.cisco.testscripts.PremiumRouting.Prem_ESRI_Rout_2hrPrefrIntvry_DefultDepo_2hr1linOrd_US"/>
</testsuite> <!-- com.cisco.testscripts.PremiumRouting.Prem_ESRI_Rout_2hrPrefrIntvry_DefultDepo_2hr1linOrd_US -->
