<?xml version="1.0" encoding="UTF-8"?>
<!-- Generated by org.testng.reporters.JUnitReportReporter -->
<testsuite hostname="KAGUMPA-G2BH5" name="com.cisco.testscripts.RMASimplification.RMAS_1018216_E2E_StandardRouting" tests="1" failures="0" timestamp="6 Mar 2017 19:47:29 GMT" time="1017.525" errors="0">
  <testcase name="rmas_1018216_E2E_StandardRouting" time="1017.525" classname="com.cisco.testscripts.RMASimplification.RMAS_1018216_E2E_StandardRouting"/>
</testsuite> <!-- com.cisco.testscripts.RMASimplification.RMAS_1018216_E2E_StandardRouting -->
