<?xml version="1.0" encoding="UTF-8"?>
<!-- Generated by org.testng.reporters.JUnitReportReporter -->
<testsuite hostname="KAGUMPA-G2BH5" name="com.cisco.testscripts.PremiumRouting.Prem_1LinePrefDepo_China" tests="1" failures="0" timestamp="25 May 2016 22:11:14 GMT" time="733.932" errors="0">
  <testcase name="prem_1LinePrefDepo_China" time="733.932" classname="com.cisco.testscripts.PremiumRouting.Prem_1LinePrefDepo_China"/>
</testsuite> <!-- com.cisco.testscripts.PremiumRouting.Prem_1LinePrefDepo_China -->
