<?xml version="1.0" encoding="UTF-8"?>
<!-- Generated by org.testng.reporters.JUnitReportReporter -->
<testsuite hostname="KAGUMPA-G2BH5" name="com.cisco.testscripts.RMASimplification.RMAS_1018197_SiteInfo_Entr_CustRefNum" tests="1" failures="0" timestamp="21 Feb 2017 07:03:58 GMT" time="144.559" errors="0">
  <testcase name="rmas_1018197_SiteInfo_Entr_CustRefNum" time="144.559" classname="com.cisco.testscripts.RMASimplification.RMAS_1018197_SiteInfo_Entr_CustRefNum"/>
</testsuite> <!-- com.cisco.testscripts.RMASimplification.RMAS_1018197_SiteInfo_Entr_CustRefNum -->
