<?xml version="1.0" encoding="UTF-8"?>
<!-- Generated by org.testng.reporters.JUnitReportReporter -->
<testsuite hostname="KAGUMPA-G2BH5" name="com.cisco.testscripts.PremiumRouting.UAT_1014012_PPO_2hrs_1QtyPref_InvtryCovr_PrefDepo_ESRI" tests="1" failures="0" timestamp="5 Oct 2016 20:23:21 GMT" time="750.868" errors="0">
  <testcase name="uat_1014012_PPO_2hrs_1QtyPref_InvtryCovr_PrefDepo_ESRI" time="750.868" classname="com.cisco.testscripts.PremiumRouting.UAT_1014012_PPO_2hrs_1QtyPref_InvtryCovr_PrefDepo_ESRI"/>
</testsuite> <!-- com.cisco.testscripts.PremiumRouting.UAT_1014012_PPO_2hrs_1QtyPref_InvtryCovr_PrefDepo_ESRI -->
