<?xml version="1.0" encoding="UTF-8"?>
<!-- Generated by org.testng.reporters.JUnitReportReporter -->
<testsuite hostname="KAGUMPA-G2BH5" name="com.cisco.testscripts.PremiumRouting.Prem_PPO_4hrs_1lin1Qty_VerAuditTrail" tests="1" failures="0" timestamp="24 Apr 2016 17:50:40 GMT" time="519.424" errors="0">
  <testcase name="prem_PPO_4hrs_1lin1Qty_VerAuditTrail" time="519.424" classname="com.cisco.testscripts.PremiumRouting.Prem_PPO_4hrs_1lin1Qty_VerAuditTrail"/>
</testsuite> <!-- com.cisco.testscripts.PremiumRouting.Prem_PPO_4hrs_1lin1Qty_VerAuditTrail -->
