<?xml version="1.0" encoding="UTF-8"?>
<!-- Generated by org.testng.reporters.JUnitReportReporter -->
<testsuite hostname="KAGUMPA-G2BH5" name="com.cisco.testscripts.RMASimplification.RMAS_1018196_SiteInfo_Entr_PickShipNotes" tests="1" failures="0" timestamp="6 Feb 2017 06:29:49 GMT" time="128.158" errors="0">
  <testcase name="rmas_1018196_SiteInfo_Entr_PickShipNotes" time="128.158" classname="com.cisco.testscripts.RMASimplification.RMAS_1018196_SiteInfo_Entr_PickShipNotes"/>
</testsuite> <!-- com.cisco.testscripts.RMASimplification.RMAS_1018196_SiteInfo_Entr_PickShipNotes -->
