<?xml version="1.0" encoding="UTF-8"?>
<!-- Generated by org.testng.reporters.JUnitReportReporter -->
<testsuite hostname="KAGUMPA-G2BH5" name="com.cisco.testscripts.SortRouting.Routing_AR_NBD_MultiPart_SingleLineShipExcpt_RFD" tests="1" failures="0" timestamp="6 Jun 2016 20:12:31 GMT" time="494.272" errors="0">
  <testcase name="routing_AR_NBD_MultiPart_SingleLineShipExcpt_RFD" time="494.272" classname="com.cisco.testscripts.SortRouting.Routing_AR_NBD_MultiPart_SingleLineShipExcpt_RFD"/>
</testsuite> <!-- com.cisco.testscripts.SortRouting.Routing_AR_NBD_MultiPart_SingleLineShipExcpt_RFD -->
