<?xml version="1.0" encoding="UTF-8"?>
<!-- Generated by org.testng.reporters.JUnitReportReporter -->
<testsuite hostname="KAGUMPA-G2BH5" name="com.cisco.testscripts.PremiumRouting.Prem_US38944_State_Descr_AR_NBD_Shipaddr_SH_SHANGHAI" tests="1" failures="0" timestamp="6 Sep 2016 22:30:31 GMT" time="682.215" errors="0">
  <testcase name="prem_US38944_State_Descr_AR_NBD_Shipaddr_SH_SHANGHAI" time="682.215" classname="com.cisco.testscripts.PremiumRouting.Prem_US38944_State_Descr_AR_NBD_Shipaddr_SH_SHANGHAI"/>
</testsuite> <!-- com.cisco.testscripts.PremiumRouting.Prem_US38944_State_Descr_AR_NBD_Shipaddr_SH_SHANGHAI -->
