<?xml version="1.0" encoding="UTF-8"?>
<!-- Generated by org.testng.reporters.JUnitReportReporter -->
<testsuite hostname="KAGUMPA-G2BH5" name="com.cisco.testscripts.EndToEnd.E2E_ReleaseHolds" tests="1" failures="0" timestamp="20 Jun 2016 18:39:25 GMT" time="968.942" errors="0">
  <testcase name="e2e_ReleaseHolds" time="968.942" classname="com.cisco.testscripts.EndToEnd.E2E_ReleaseHolds"/>
</testsuite> <!-- com.cisco.testscripts.EndToEnd.E2E_ReleaseHolds -->
