<?xml version="1.0" encoding="UTF-8"?>
<!-- Generated by org.testng.reporters.JUnitReportReporter -->
<testsuite hostname="KAGUMPA-G2BH5" name="com.cisco.testscripts.PremiumRouting.Prem_ESRI_Rout_4hrMulline_3Prt_4hrsCover_MEXICO" tests="1" failures="0" timestamp="1 Jun 2016 18:21:06 GMT" time="741.289" errors="0">
  <testcase name="prem_ESRI_Rout_4hrMulline_3Prt_4hrsCover_MEXICO" time="741.289" classname="com.cisco.testscripts.PremiumRouting.Prem_ESRI_Rout_4hrMulline_3Prt_4hrsCover_MEXICO"/>
</testsuite> <!-- com.cisco.testscripts.PremiumRouting.Prem_ESRI_Rout_4hrMulline_3Prt_4hrsCover_MEXICO -->
