<?xml version="1.0" encoding="UTF-8"?>
<!-- Generated by org.testng.reporters.JUnitReportReporter -->
<testsuite hostname="KAGUMPA-G2BH5" name="com.cisco.testscripts.LAE_RegTest_Suite.LAE_RegTest_1014062_CreatePPL_2HrsOrder" tests="1" failures="0" timestamp="31 Aug 2016 18:19:11 GMT" time="747.832" errors="0">
  <testcase name="labor_1014062_CreatePPL_2HrsOrder" time="747.832" classname="com.cisco.testscripts.LAE_RegTest_Suite.LAE_RegTest_1014062_CreatePPL_2HrsOrder"/>
</testsuite> <!-- com.cisco.testscripts.LAE_RegTest_Suite.LAE_RegTest_1014062_CreatePPL_2HrsOrder -->
