<?xml version="1.0" encoding="UTF-8"?>
<!-- Generated by org.testng.reporters.JUnitReportReporter -->
<testsuite hostname="KAGUMPA-G2BH5" name="com.cisco.testscripts.PremiumRouting.Prem_1lin_DefltDepo_Invtry_HighRakingDepo0" tests="1" failures="0" timestamp="24 Apr 2016 18:08:32 GMT" time="496.150" errors="0">
  <testcase name="prem_1lin_DefltDepo_Invtry_HighRakingDepo0" time="496.150" classname="com.cisco.testscripts.PremiumRouting.Prem_1lin_DefltDepo_Invtry_HighRakingDepo0"/>
</testsuite> <!-- com.cisco.testscripts.PremiumRouting.Prem_1lin_DefltDepo_Invtry_HighRakingDepo0 -->
