<?xml version="1.0" encoding="UTF-8"?>
<!-- Generated by org.testng.reporters.JUnitReportReporter -->
<testsuite hostname="KAGUMPA-G2BH5" name="com.cisco.testscripts.SortRouting.Routing_AR_NBD_MultiPart_NoInvAvailable" tests="1" failures="0" timestamp="6 Jun 2016 00:59:50 GMT" time="560.528" errors="0">
  <testcase name="routing_AR_NBD_MultiPart_NoInvAvailable" time="560.528" classname="com.cisco.testscripts.SortRouting.Routing_AR_NBD_MultiPart_NoInvAvailable"/>
</testsuite> <!-- com.cisco.testscripts.SortRouting.Routing_AR_NBD_MultiPart_NoInvAvailable -->
