<?xml version="1.0" encoding="UTF-8"?>
<!-- Generated by org.testng.reporters.JUnitReportReporter -->
<testsuite hostname="KAGUMPA-G2BH5" name="com.cisco.testscripts.PremiumRouting.UAT_1014022_PreferredPrtInventoryInCoverage" tests="1" failures="0" timestamp="11 Jul 2016 23:54:09 GMT" time="688.056" errors="0">
  <testcase name="uat_1014022_PreferredPrtInventoryInCoverage" time="688.056" classname="com.cisco.testscripts.PremiumRouting.UAT_1014022_PreferredPrtInventoryInCoverage"/>
</testsuite> <!-- com.cisco.testscripts.PremiumRouting.UAT_1014022_PreferredPrtInventoryInCoverage -->
