<?xml version="1.0" encoding="UTF-8"?>
<!-- Generated by org.testng.reporters.JUnitReportReporter -->
<testsuite hostname="KAGUMPA-G2BH5" name="com.cisco.testscripts.PremiumRouting.Prem_US38944_StateDescrUsed_OHIO" tests="1" failures="0" timestamp="6 Sep 2016 22:30:28 GMT" time="682.167" errors="0">
  <testcase name="prem_US38944_StateDescrUsed_OHIO" time="682.167" classname="com.cisco.testscripts.PremiumRouting.Prem_US38944_StateDescrUsed_OHIO"/>
</testsuite> <!-- com.cisco.testscripts.PremiumRouting.Prem_US38944_StateDescrUsed_OHIO -->
