<?xml version="1.0" encoding="UTF-8"?>
<!-- Generated by org.testng.reporters.JUnitReportReporter -->
<testsuite hostname="KAGUMPA-G2BH5" name="com.cisco.testscripts.LAE_RegTest_Suite.LAE_RegTest_1014064_CreatePPL_2HrsOrder" tests="1" failures="0" timestamp="22 Aug 2016 03:53:11 GMT" time="792.244" errors="0">
  <testcase name="labor_1014064_CreatePPL_2HrsOrder" time="792.244" classname="com.cisco.testscripts.LAE_RegTest_Suite.LAE_RegTest_1014064_CreatePPL_2HrsOrder"/>
</testsuite> <!-- com.cisco.testscripts.LAE_RegTest_Suite.LAE_RegTest_1014064_CreatePPL_2HrsOrder -->
