<?xml version="1.0" encoding="UTF-8"?>
<!-- Generated by org.testng.reporters.JUnitReportReporter -->
<testsuite hostname="KAGUMPA-G2BH5" name="com.cisco.testscripts.RMASimplification.RMAS_1018177_Login" tests="1" failures="0" timestamp="23 Feb 2017 20:29:29 GMT" time="55.893" errors="0">
  <testcase name="rmas_1018177_Login" time="55.893" classname="com.cisco.testscripts.RMASimplification.RMAS_1018177_Login"/>
</testsuite> <!-- com.cisco.testscripts.RMASimplification.RMAS_1018177_Login -->
