<?xml version="1.0" encoding="UTF-8"?>
<!-- Generated by org.testng.reporters.JUnitReportReporter -->
<testsuite hostname="KAGUMPA-G2BH5" name="com.cisco.testscripts.PremiumRouting.Sprint27_US29913_01_MaintainGeoRoutes_Mergedwithgeodata_Search" tests="1" failures="0" timestamp="31 Mar 2016 21:53:02 GMT" time="244.868" errors="0">
  <testcase name="maintainGeoRoutes_Mergedwithgeodata_Search" time="244.868" classname="com.cisco.testscripts.PremiumRouting.Sprint27_US29913_01_MaintainGeoRoutes_Mergedwithgeodata_Search"/>
</testsuite> <!-- com.cisco.testscripts.PremiumRouting.Sprint27_US29913_01_MaintainGeoRoutes_Mergedwithgeodata_Search -->
