<?xml version="1.0" encoding="UTF-8"?>
<!-- Generated by org.testng.reporters.JUnitReportReporter -->
<testsuite hostname="KAGUMPA-G2BH5" name="com.cisco.testscripts.RMASimplification.RMAS_1018208_SiteInfo_Select_OriginalAddress" tests="1" failures="0" timestamp="21 Feb 2017 01:16:17 GMT" time="208.361" errors="0">
  <testcase name="rmas_1018208_SiteInfo_Select_OriginalAddress" time="208.361" classname="com.cisco.testscripts.RMASimplification.RMAS_1018208_SiteInfo_Select_OriginalAddress"/>
</testsuite> <!-- com.cisco.testscripts.RMASimplification.RMAS_1018208_SiteInfo_Select_OriginalAddress -->
