<?xml version="1.0" encoding="UTF-8"?>
<!-- Generated by org.testng.reporters.JUnitReportReporter -->
<testsuite hostname="KAGUMPA-G2BH5" name="com.cisco.testscripts.SortRouting.Routing_AR_SDSPart1_MultQtyWithin_DepotCutOff" tests="1" failures="0" timestamp="5 Jun 2016 19:34:11 GMT" time="867.673" errors="0">
  <testcase name="routing_AR_SDSPart1_MultQtyWithin_DepotCutOff" time="867.673" classname="com.cisco.testscripts.SortRouting.Routing_AR_SDSPart1_MultQtyWithin_DepotCutOff"/>
</testsuite> <!-- com.cisco.testscripts.SortRouting.Routing_AR_SDSPart1_MultQtyWithin_DepotCutOff -->
