<?xml version="1.0" encoding="UTF-8"?>
<!-- Generated by org.testng.reporters.JUnitReportReporter -->
<testsuite hostname="KAGUMPA-G2BH5" name="com.cisco.testscripts.RMASimplification.RMAS_1018205_DeliveryDetails_Clk_DelryDetailsContinue" tests="1" failures="0" timestamp="6 Feb 2017 06:46:39 GMT" time="210.193" errors="0">
  <testcase name="rmas_1018205_DeliveryDetails_Clk_DelryDetailsContinue" time="210.193" classname="com.cisco.testscripts.RMASimplification.RMAS_1018205_DeliveryDetails_Clk_DelryDetailsContinue"/>
</testsuite> <!-- com.cisco.testscripts.RMASimplification.RMAS_1018205_DeliveryDetails_Clk_DelryDetailsContinue -->
