<?xml version="1.0" encoding="UTF-8"?>
<!-- Generated by org.testng.reporters.JUnitReportReporter -->
<testsuite hostname="KAGUMPA-G2BH5" name="com.cisco.testscripts.SortRouting.Routing_AR_SDS_Part1_MultiQty_InvNotAvaAfter_DeptCutOffTime" tests="1" failures="0" timestamp="5 Jun 2016 16:40:35 GMT" time="620.308" errors="0">
  <testcase name="routing_AR_SDS_Part1_MultiQty_InvNotAvaAfter_DeptCutOffTime" time="620.308" classname="com.cisco.testscripts.SortRouting.Routing_AR_SDS_Part1_MultiQty_InvNotAvaAfter_DeptCutOffTime"/>
</testsuite> <!-- com.cisco.testscripts.SortRouting.Routing_AR_SDS_Part1_MultiQty_InvNotAvaAfter_DeptCutOffTime -->
