<?xml version="1.0" encoding="UTF-8"?>
<!-- Generated by org.testng.reporters.JUnitReportReporter -->
<testsuite hostname="KAGUMPA-G2BH5" name="com.cisco.testscripts.PremiumRouting.Prem_PrefrDepo_NoInvetry_DefltDepoInvetry" tests="1" failures="0" timestamp="25 May 2016 22:10:31 GMT" time="689.478" errors="0">
  <testcase name="prem_PrefrDepo_NoInvetry_DefltDepoInvetry" time="689.478" classname="com.cisco.testscripts.PremiumRouting.Prem_PrefrDepo_NoInvetry_DefltDepoInvetry"/>
</testsuite> <!-- com.cisco.testscripts.PremiumRouting.Prem_PrefrDepo_NoInvetry_DefltDepoInvetry -->
