<?xml version="1.0" encoding="UTF-8"?>
<!-- Generated by org.testng.reporters.JUnitReportReporter -->
<testsuite hostname="KAGUMPA-G2BH5" name="com.cisco.testscripts.EndToEnd.E2E_1014038_PPO_2Hr1line1Qty" tests="1" failures="0" timestamp="1 Aug 2016 20:30:03 GMT" time="719.715" errors="0">
  <testcase name="e2e_1014038_PPO_2Hr1line1Qty" time="719.715" classname="com.cisco.testscripts.EndToEnd.E2E_1014038_PPO_2Hr1line1Qty"/>
</testsuite> <!-- com.cisco.testscripts.EndToEnd.E2E_1014038_PPO_2Hr1line1Qty -->
