<?xml version="1.0" encoding="UTF-8"?>
<!-- Generated by org.testng.reporters.JUnitReportReporter -->
<testsuite hostname="KAGUMPA-G2BH5" name="com.cisco.testscripts.EndToEnd.E2E_1014045_PPO_2HrMultiline_RemoveHolds" tests="1" failures="0" timestamp="5 Oct 2016 20:58:37 GMT" time="786.181" errors="0">
  <testcase name="e2e_1014045_PPO_2HrMultiline_RemoveHolds" time="786.181" classname="com.cisco.testscripts.EndToEnd.E2E_1014045_PPO_2HrMultiline_RemoveHolds"/>
</testsuite> <!-- com.cisco.testscripts.EndToEnd.E2E_1014045_PPO_2HrMultiline_RemoveHolds -->
