<?xml version="1.0" encoding="UTF-8"?>
<!-- Generated by org.testng.reporters.JUnitReportReporter -->
<testsuite hostname="KAGUMPA-G2BH5" name="com.cisco.testscripts.SortRouting.Routing_AR_SDSR_Part1_MultiQty_DomesticOrder" tests="1" failures="0" timestamp="5 Jun 2016 16:38:53 GMT" time="519.179" errors="0">
  <testcase name="routing_AR_SDSR_Part1_MultiQty_DomesticOrder" time="519.179" classname="com.cisco.testscripts.SortRouting.Routing_AR_SDSR_Part1_MultiQty_DomesticOrder"/>
</testsuite> <!-- com.cisco.testscripts.SortRouting.Routing_AR_SDSR_Part1_MultiQty_DomesticOrder -->
