<?xml version="1.0" encoding="UTF-8"?>
<!-- Generated by org.testng.reporters.JUnitReportReporter -->
<testsuite hostname="KAGUMPA-G2BH5" name="com.cisco.testscripts.PremiumRouting.Prem_1lin1Prt_1DefltDepo" tests="1" failures="0" timestamp="24 Apr 2016 18:18:01 GMT" time="566.319" errors="0">
  <testcase name="prem_1lin1Prt_1DefltDepo" time="566.319" classname="com.cisco.testscripts.PremiumRouting.Prem_1lin1Prt_1DefltDepo"/>
</testsuite> <!-- com.cisco.testscripts.PremiumRouting.Prem_1lin1Prt_1DefltDepo -->
