<?xml version="1.0" encoding="UTF-8"?>
<!-- Generated by org.testng.reporters.JUnitReportReporter -->
<testsuite hostname="KAGUMPA-G2BH5" name="com.cisco.testscripts.RMASimplification.RMAS_1018191_PartInfo_Clk_PrtContinue" tests="1" failures="0" timestamp="23 Feb 2017 20:30:40 GMT" time="124.914" errors="0">
  <testcase name="rmas_1018191_PartInfo_Clk_PrtContinue" time="124.914" classname="com.cisco.testscripts.RMASimplification.RMAS_1018191_PartInfo_Clk_PrtContinue"/>
</testsuite> <!-- com.cisco.testscripts.RMASimplification.RMAS_1018191_PartInfo_Clk_PrtContinue -->
