<?xml version="1.0" encoding="UTF-8"?>
<!-- Generated by org.testng.reporters.JUnitReportReporter -->
<testsuite hostname="KAGUMPA-G2BH5" name="com.cisco.testscripts.RMASimplification.RMAS_1018186_PartInfo_Select_ServLevVarianceReason_II" tests="1" failures="0" timestamp="2 Nov 2016 00:47:50 GMT" time="61.626" errors="0">
  <testcase name="rmas_1018186_PartInfo_Select_ServLevVarianceReason_II" time="61.626" classname="com.cisco.testscripts.RMASimplification.RMAS_1018186_PartInfo_Select_ServLevVarianceReason_II"/>
</testsuite> <!-- com.cisco.testscripts.RMASimplification.RMAS_1018186_PartInfo_Select_ServLevVarianceReason_II -->
