<?xml version="1.0" encoding="UTF-8"?>
<!-- Generated by org.testng.reporters.JUnitReportReporter -->
<testsuite hostname="KAGUMPA-G2BH5" name="com.cisco.testscripts.PremiumRouting.Prem_NoGeoRoutePreferDepoServicelev_OrdShudSelDefltDepo" tests="1" failures="0" timestamp="25 Apr 2016 21:37:54 GMT" time="562.696" errors="0">
  <testcase name="prem_NoGeoRoutePreferDepoServicelev_OrdShudSelDefltDepo" time="562.696" classname="com.cisco.testscripts.PremiumRouting.Prem_NoGeoRoutePreferDepoServicelev_OrdShudSelDefltDepo"/>
</testsuite> <!-- com.cisco.testscripts.PremiumRouting.Prem_NoGeoRoutePreferDepoServicelev_OrdShudSelDefltDepo -->
