<?xml version="1.0" encoding="UTF-8"?>
<!-- Generated by org.testng.reporters.JUnitReportReporter -->
<testsuite hostname="KAGUMPA-G2BH5" name="com.cisco.testscripts.LaborRouting.Labor_1014062_CreatePPL_2HrsOrder" tests="1" failures="0" timestamp="10 Aug 2016 14:38:39 GMT" time="1614.351" errors="0">
  <testcase name="labor_1014062_CreatePPL_2HrsOrder" time="1614.351" classname="com.cisco.testscripts.LaborRouting.Labor_1014062_CreatePPL_2HrsOrder"/>
</testsuite> <!-- com.cisco.testscripts.LaborRouting.Labor_1014062_CreatePPL_2HrsOrder -->
