<?xml version="1.0" encoding="UTF-8"?>
<!-- Generated by org.testng.reporters.JUnitReportReporter -->
<testsuite hostname="KAGUMPA-G2BH5" name="com.cisco.testscripts.PremiumRouting.Prem_ESRI_Rout_2hrMultlin_2Prt1QtyOrd_Rank2" tests="1" failures="0" timestamp="19 Jun 2016 00:32:58 GMT" time="1520.325" errors="0">
  <testcase name="prem_ESRI_Rout_2hrMultlin_2Prt1QtyOrd_Rank2" time="1520.325" classname="com.cisco.testscripts.PremiumRouting.Prem_ESRI_Rout_2hrMultlin_2Prt1QtyOrd_Rank2"/>
</testsuite> <!-- com.cisco.testscripts.PremiumRouting.Prem_ESRI_Rout_2hrMultlin_2Prt1QtyOrd_Rank2 -->
