<?xml version="1.0" encoding="UTF-8"?>
<!-- Generated by org.testng.reporters.JUnitReportReporter -->
<testsuite hostname="KAGUMPA-G2BH5" name="com.cisco.testscripts.RMASimplification.RMAS_1018203_DeliveryDetails_Clk_SpecialInstructions" tests="1" failures="0" timestamp="6 Feb 2017 06:46:33 GMT" time="203.826" errors="0">
  <testcase name="rmas_1018203_DeliveryDetails_Clk_SpecialInstructions" time="203.826" classname="com.cisco.testscripts.RMASimplification.RMAS_1018203_DeliveryDetails_Clk_SpecialInstructions"/>
</testsuite> <!-- com.cisco.testscripts.RMASimplification.RMAS_1018203_DeliveryDetails_Clk_SpecialInstructions -->
