<?xml version="1.0" encoding="UTF-8"?>
<!-- Generated by org.testng.reporters.JUnitReportReporter -->
<testsuite hostname="KAGUMPA-G2BH5" name="com.cisco.testscripts.RMASimplification.RMAS_1018199_DeliveryDetails_Select_ServiceLevel_I" tests="1" failures="0" timestamp="6 Feb 2017 06:46:29 GMT" time="198.751" errors="0">
  <testcase name="rmas_1018199_DeliveryDetails_Select_ServiceLevel_I" time="198.751" classname="com.cisco.testscripts.RMASimplification.RMAS_1018199_DeliveryDetails_Select_ServiceLevel_I"/>
</testsuite> <!-- com.cisco.testscripts.RMASimplification.RMAS_1018199_DeliveryDetails_Select_ServiceLevel_I -->
